┌ Info: Logging to file: /home/simone/Dropbox/eScience_projects/DEEPDIEP-repos/CoupledNODE_Benchmark.jl/output/kolmogorov/logs/cno_5/log_2025-04-03T13:27:15.815.out
│ 
│ Starting at 2025-04-03T13:27:15.920.
│ 
│ Last commit:
│ 
│ commit a49d9c4f635eb7f7192781c5d834f4200065cff2
│ Merge: 1becd29 1b880e0
│ Author: SCiarella <simoneciarella@gmail.com>
│ Date:   Sat Mar 29 12:25:25 2025 +0100
│ 
│     autopush
│ 
└ @ Benchmark /home/simone/Dropbox/eScience_projects/DEEPDIEP-repos/CoupledNODE_Benchmark.jl/src/Benchmark.jl:34
┌ Info: # A-posteriori analysis: Forced turbulence (2D)
└ @ Main /home/simone/Dropbox/eScience_projects/DEEPDIEP-repos/CoupledNODE_Benchmark.jl/extra_benchmark.jl:83
┌ Info: Loading packages
└ @ Main /home/simone/Dropbox/eScience_projects/DEEPDIEP-repos/CoupledNODE_Benchmark.jl/extra_benchmark.jl:87
┌ Warning: Pkg.installed() is deprecated
└ @ Pkg /home/simone/.julia/juliaup/julia-1.11.4+0.x64.linux.gnu/share/julia/stdlib/v1.11/Pkg/src/Pkg.jl:787
┌ Info: CoupledNODE already installed
└ @ Main /home/simone/Dropbox/eScience_projects/DEEPDIEP-repos/CoupledNODE_Benchmark.jl/extra_benchmark.jl:90
┌ Info: Running on CUDA
└ @ Main /home/simone/Dropbox/eScience_projects/DEEPDIEP-repos/CoupledNODE_Benchmark.jl/extra_benchmark.jl:139
┌ Info: CUDA device
│   CUDA.device() = CuDevice(0)
└ @ Main /home/simone/Dropbox/eScience_projects/DEEPDIEP-repos/CoupledNODE_Benchmark.jl/extra_benchmark.jl:144
┌ Info: CUDABackend(false, false)
└ @ Main /home/simone/Dropbox/eScience_projects/DEEPDIEP-repos/CoupledNODE_Benchmark.jl/extra_benchmark.jl:157
┌ Info: Creating DNS trajectory for seed 0x0c6a972a
└ @ Benchmark /home/simone/Dropbox/eScience_projects/DEEPDIEP-repos/CoupledNODE_Benchmark.jl/src/train.jl:7
┌ Info: Data file /home/simone/Dropbox/eScience_projects/DEEPDIEP-repos/CoupledNODE_Benchmark.jl/output/kolmogorov/data/seed=0x0c6a972a_filter=FaceAverage()_nles=32.jld2 already exists. Skipping.
└ @ Benchmark /home/simone/Dropbox/eScience_projects/DEEPDIEP-repos/CoupledNODE_Benchmark.jl/src/train.jl:16
┌ Info: Creating DNS trajectory for seed 0x856e446e
└ @ Benchmark /home/simone/Dropbox/eScience_projects/DEEPDIEP-repos/CoupledNODE_Benchmark.jl/src/train.jl:7
┌ Info: Data file /home/simone/Dropbox/eScience_projects/DEEPDIEP-repos/CoupledNODE_Benchmark.jl/output/kolmogorov/data/seed=0x856e446e_filter=FaceAverage()_nles=32.jld2 already exists. Skipping.
└ @ Benchmark /home/simone/Dropbox/eScience_projects/DEEPDIEP-repos/CoupledNODE_Benchmark.jl/src/train.jl:16
┌ Info: Creating DNS trajectory for seed 0x557cd282
└ @ Benchmark /home/simone/Dropbox/eScience_projects/DEEPDIEP-repos/CoupledNODE_Benchmark.jl/src/train.jl:7
┌ Info: Data file /home/simone/Dropbox/eScience_projects/DEEPDIEP-repos/CoupledNODE_Benchmark.jl/output/kolmogorov/data/seed=0x557cd282_filter=FaceAverage()_nles=32.jld2 already exists. Skipping.
└ @ Benchmark /home/simone/Dropbox/eScience_projects/DEEPDIEP-repos/CoupledNODE_Benchmark.jl/src/train.jl:16
┌ Info: Creating DNS trajectory for seed 0x9638f7b8
└ @ Benchmark /home/simone/Dropbox/eScience_projects/DEEPDIEP-repos/CoupledNODE_Benchmark.jl/src/train.jl:7
┌ Info: Data file /home/simone/Dropbox/eScience_projects/DEEPDIEP-repos/CoupledNODE_Benchmark.jl/output/kolmogorov/data/seed=0x9638f7b8_filter=FaceAverage()_nles=32.jld2 already exists. Skipping.
└ @ Benchmark /home/simone/Dropbox/eScience_projects/DEEPDIEP-repos/CoupledNODE_Benchmark.jl/src/train.jl:16
┌ Info: Creating DNS trajectory for seed 0x02f51b45
└ @ Benchmark /home/simone/Dropbox/eScience_projects/DEEPDIEP-repos/CoupledNODE_Benchmark.jl/src/train.jl:7
┌ Info: Data file /home/simone/Dropbox/eScience_projects/DEEPDIEP-repos/CoupledNODE_Benchmark.jl/output/kolmogorov/data/seed=0x02f51b45_filter=FaceAverage()_nles=32.jld2 already exists. Skipping.
└ @ Benchmark /home/simone/Dropbox/eScience_projects/DEEPDIEP-repos/CoupledNODE_Benchmark.jl/src/train.jl:16
┌ Info: Creating DNS trajectory for seed 0xe410a059
└ @ Benchmark /home/simone/Dropbox/eScience_projects/DEEPDIEP-repos/CoupledNODE_Benchmark.jl/src/train.jl:7
┌ Info: Data file /home/simone/Dropbox/eScience_projects/DEEPDIEP-repos/CoupledNODE_Benchmark.jl/output/kolmogorov/data/seed=0xe410a059_filter=FaceAverage()_nles=32.jld2 already exists. Skipping.
└ @ Benchmark /home/simone/Dropbox/eScience_projects/DEEPDIEP-repos/CoupledNODE_Benchmark.jl/src/train.jl:16
┌ Info: Creating DNS trajectory for seed 0xe728d69f
└ @ Benchmark /home/simone/Dropbox/eScience_projects/DEEPDIEP-repos/CoupledNODE_Benchmark.jl/src/train.jl:7
┌ Info: Data file /home/simone/Dropbox/eScience_projects/DEEPDIEP-repos/CoupledNODE_Benchmark.jl/output/kolmogorov/data/seed=0xe728d69f_filter=FaceAverage()_nles=32.jld2 already exists. Skipping.
└ @ Benchmark /home/simone/Dropbox/eScience_projects/DEEPDIEP-repos/CoupledNODE_Benchmark.jl/src/train.jl:16
┌ Info: Creating DNS trajectory for seed 0x30df42ec
└ @ Benchmark /home/simone/Dropbox/eScience_projects/DEEPDIEP-repos/CoupledNODE_Benchmark.jl/src/train.jl:7
┌ Info: Data file /home/simone/Dropbox/eScience_projects/DEEPDIEP-repos/CoupledNODE_Benchmark.jl/output/kolmogorov/data/seed=0x30df42ec_filter=FaceAverage()_nles=32.jld2 already exists. Skipping.
└ @ Benchmark /home/simone/Dropbox/eScience_projects/DEEPDIEP-repos/CoupledNODE_Benchmark.jl/src/train.jl:16
┌ Info: Data generated
└ @ Main /home/simone/Dropbox/eScience_projects/DEEPDIEP-repos/CoupledNODE_Benchmark.jl/extra_benchmark.jl:182
┌ Info: Data
│   comptime = 170.9926199913025
└ @ Main /home/simone/Dropbox/eScience_projects/DEEPDIEP-repos/CoupledNODE_Benchmark.jl/extra_benchmark.jl:198
┌ Info: Data
│   comptime / 60 = 2.8498769998550415
│   datasize * 1.0e-9 = 0.0297496
└ @ Main /home/simone/Dropbox/eScience_projects/DEEPDIEP-repos/CoupledNODE_Benchmark.jl/extra_benchmark.jl:199
┌ Info: Loading CNO model
└ @ NavierStokes /home/simone/Dropbox/eScience_projects/DEEPDIEP-repos/CoupledNODE.jl/ext/NavierStokes/io.jl:112
┌ Info: Initialized CNN with 26624 parameters
└ @ Main /home/simone/Dropbox/eScience_projects/DEEPDIEP-repos/CoupledNODE_Benchmark.jl/extra_benchmark.jl:226
┌ Info: CNN warm up run
└ @ Main /home/simone/Dropbox/eScience_projects/DEEPDIEP-repos/CoupledNODE_Benchmark.jl/extra_benchmark.jl:232
┌ Info: A priori training
└ @ Main /home/simone/Dropbox/eScience_projects/DEEPDIEP-repos/CoupledNODE_Benchmark.jl/extra_benchmark.jl:253
┌ Info: Training a-priori
│   Φ = FaceAverage()
│   nles = 32
└ @ Benchmark /home/simone/Dropbox/eScience_projects/DEEPDIEP-repos/CoupledNODE_Benchmark.jl/src/train.jl:74
┌ Info: Creating a priori callback
└ @ NavierStokes /home/simone/Dropbox/eScience_projects/DEEPDIEP-repos/CoupledNODE.jl/ext/NavierStokes/callback.jl:66
┌ Info: Training on
│   dev = CUDADevice{Nothing}(nothing)
└ @ CoupledNODE /home/simone/Dropbox/eScience_projects/DEEPDIEP-repos/CoupledNODE.jl/src/train.jl:19
┌ Info: Lux Training started
└ @ CoupledNODE /home/simone/Dropbox/eScience_projects/DEEPDIEP-repos/CoupledNODE.jl/src/train.jl:28
┌ Info: [0] Validation Loss: 1.0001591
└ @ NavierStokes /home/simone/Dropbox/eScience_projects/DEEPDIEP-repos/CoupledNODE.jl/ext/NavierStokes/callback.jl:86
┌ Info: [0] Validation Loss (no model): 1.0
└ @ NavierStokes /home/simone/Dropbox/eScience_projects/DEEPDIEP-repos/CoupledNODE.jl/ext/NavierStokes/callback.jl:88
┌ Info: [10] Validation Loss: 1.000057
└ @ NavierStokes /home/simone/Dropbox/eScience_projects/DEEPDIEP-repos/CoupledNODE.jl/ext/NavierStokes/callback.jl:86
┌ Info: [10] Validation Loss (no model): 1.0
└ @ NavierStokes /home/simone/Dropbox/eScience_projects/DEEPDIEP-repos/CoupledNODE.jl/ext/NavierStokes/callback.jl:88
┌ Info: [20] Validation Loss: 0.9999691
└ @ NavierStokes /home/simone/Dropbox/eScience_projects/DEEPDIEP-repos/CoupledNODE.jl/ext/NavierStokes/callback.jl:86
┌ Info: [20] Validation Loss (no model): 1.0
└ @ NavierStokes /home/simone/Dropbox/eScience_projects/DEEPDIEP-repos/CoupledNODE.jl/ext/NavierStokes/callback.jl:88
┌ Info: [30] Validation Loss: 0.9999253
└ @ NavierStokes /home/simone/Dropbox/eScience_projects/DEEPDIEP-repos/CoupledNODE.jl/ext/NavierStokes/callback.jl:86
┌ Info: [30] Validation Loss (no model): 1.0
└ @ NavierStokes /home/simone/Dropbox/eScience_projects/DEEPDIEP-repos/CoupledNODE.jl/ext/NavierStokes/callback.jl:88
┌ Info: [40] Validation Loss: 0.9998761
└ @ NavierStokes /home/simone/Dropbox/eScience_projects/DEEPDIEP-repos/CoupledNODE.jl/ext/NavierStokes/callback.jl:86
┌ Info: [40] Validation Loss (no model): 1.0
└ @ NavierStokes /home/simone/Dropbox/eScience_projects/DEEPDIEP-repos/CoupledNODE.jl/ext/NavierStokes/callback.jl:88
┌ Info: [50] Validation Loss: 0.9998272
└ @ NavierStokes /home/simone/Dropbox/eScience_projects/DEEPDIEP-repos/CoupledNODE.jl/ext/NavierStokes/callback.jl:86
┌ Info: [50] Validation Loss (no model): 1.0
└ @ NavierStokes /home/simone/Dropbox/eScience_projects/DEEPDIEP-repos/CoupledNODE.jl/ext/NavierStokes/callback.jl:88
┌ Info: [60] Validation Loss: 0.99978757
└ @ NavierStokes /home/simone/Dropbox/eScience_projects/DEEPDIEP-repos/CoupledNODE.jl/ext/NavierStokes/callback.jl:86
┌ Info: [60] Validation Loss (no model): 1.0
└ @ NavierStokes /home/simone/Dropbox/eScience_projects/DEEPDIEP-repos/CoupledNODE.jl/ext/NavierStokes/callback.jl:88
┌ Info: [70] Validation Loss: 0.9997311
└ @ NavierStokes /home/simone/Dropbox/eScience_projects/DEEPDIEP-repos/CoupledNODE.jl/ext/NavierStokes/callback.jl:86
┌ Info: [70] Validation Loss (no model): 1.0
└ @ NavierStokes /home/simone/Dropbox/eScience_projects/DEEPDIEP-repos/CoupledNODE.jl/ext/NavierStokes/callback.jl:88
┌ Info: [80] Validation Loss: 0.99978316
└ @ NavierStokes /home/simone/Dropbox/eScience_projects/DEEPDIEP-repos/CoupledNODE.jl/ext/NavierStokes/callback.jl:86
┌ Info: [80] Validation Loss (no model): 1.0
└ @ NavierStokes /home/simone/Dropbox/eScience_projects/DEEPDIEP-repos/CoupledNODE.jl/ext/NavierStokes/callback.jl:88
┌ Info: [90] Validation Loss: 0.9997259
└ @ NavierStokes /home/simone/Dropbox/eScience_projects/DEEPDIEP-repos/CoupledNODE.jl/ext/NavierStokes/callback.jl:86
┌ Info: [90] Validation Loss (no model): 1.0
└ @ NavierStokes /home/simone/Dropbox/eScience_projects/DEEPDIEP-repos/CoupledNODE.jl/ext/NavierStokes/callback.jl:88
┌ Info: [100] Validation Loss: 0.99961025
└ @ NavierStokes /home/simone/Dropbox/eScience_projects/DEEPDIEP-repos/CoupledNODE.jl/ext/NavierStokes/callback.jl:86
┌ Info: [100] Validation Loss (no model): 1.0
└ @ NavierStokes /home/simone/Dropbox/eScience_projects/DEEPDIEP-repos/CoupledNODE.jl/ext/NavierStokes/callback.jl:88
┌ Info: [110] Validation Loss: 0.9996713
└ @ NavierStokes /home/simone/Dropbox/eScience_projects/DEEPDIEP-repos/CoupledNODE.jl/ext/NavierStokes/callback.jl:86
┌ Info: [110] Validation Loss (no model): 1.0
└ @ NavierStokes /home/simone/Dropbox/eScience_projects/DEEPDIEP-repos/CoupledNODE.jl/ext/NavierStokes/callback.jl:88
┌ Info: [120] Validation Loss: 0.9996171
└ @ NavierStokes /home/simone/Dropbox/eScience_projects/DEEPDIEP-repos/CoupledNODE.jl/ext/NavierStokes/callback.jl:86
┌ Info: [120] Validation Loss (no model): 1.0
└ @ NavierStokes /home/simone/Dropbox/eScience_projects/DEEPDIEP-repos/CoupledNODE.jl/ext/NavierStokes/callback.jl:88
┌ Info: [130] Validation Loss: 0.99952143
└ @ NavierStokes /home/simone/Dropbox/eScience_projects/DEEPDIEP-repos/CoupledNODE.jl/ext/NavierStokes/callback.jl:86
┌ Info: [130] Validation Loss (no model): 1.0
└ @ NavierStokes /home/simone/Dropbox/eScience_projects/DEEPDIEP-repos/CoupledNODE.jl/ext/NavierStokes/callback.jl:88
┌ Info: [140] Validation Loss: 0.99952424
└ @ NavierStokes /home/simone/Dropbox/eScience_projects/DEEPDIEP-repos/CoupledNODE.jl/ext/NavierStokes/callback.jl:86
┌ Info: [140] Validation Loss (no model): 1.0
└ @ NavierStokes /home/simone/Dropbox/eScience_projects/DEEPDIEP-repos/CoupledNODE.jl/ext/NavierStokes/callback.jl:88
┌ Info: [150] Validation Loss: 0.9995342
└ @ NavierStokes /home/simone/Dropbox/eScience_projects/DEEPDIEP-repos/CoupledNODE.jl/ext/NavierStokes/callback.jl:86
┌ Info: [150] Validation Loss (no model): 1.0
└ @ NavierStokes /home/simone/Dropbox/eScience_projects/DEEPDIEP-repos/CoupledNODE.jl/ext/NavierStokes/callback.jl:88
┌ Info: [160] Validation Loss: 0.9996167
└ @ NavierStokes /home/simone/Dropbox/eScience_projects/DEEPDIEP-repos/CoupledNODE.jl/ext/NavierStokes/callback.jl:86
┌ Info: [160] Validation Loss (no model): 1.0
└ @ NavierStokes /home/simone/Dropbox/eScience_projects/DEEPDIEP-repos/CoupledNODE.jl/ext/NavierStokes/callback.jl:88
┌ Info: [170] Validation Loss: 0.99947083
└ @ NavierStokes /home/simone/Dropbox/eScience_projects/DEEPDIEP-repos/CoupledNODE.jl/ext/NavierStokes/callback.jl:86
┌ Info: [170] Validation Loss (no model): 1.0
└ @ NavierStokes /home/simone/Dropbox/eScience_projects/DEEPDIEP-repos/CoupledNODE.jl/ext/NavierStokes/callback.jl:88
┌ Info: [180] Validation Loss: 0.9994377
└ @ NavierStokes /home/simone/Dropbox/eScience_projects/DEEPDIEP-repos/CoupledNODE.jl/ext/NavierStokes/callback.jl:86
┌ Info: [180] Validation Loss (no model): 1.0
└ @ NavierStokes /home/simone/Dropbox/eScience_projects/DEEPDIEP-repos/CoupledNODE.jl/ext/NavierStokes/callback.jl:88
┌ Info: [190] Validation Loss: 0.99942213
└ @ NavierStokes /home/simone/Dropbox/eScience_projects/DEEPDIEP-repos/CoupledNODE.jl/ext/NavierStokes/callback.jl:86
┌ Info: [190] Validation Loss (no model): 1.0
└ @ NavierStokes /home/simone/Dropbox/eScience_projects/DEEPDIEP-repos/CoupledNODE.jl/ext/NavierStokes/callback.jl:88
┌ Info: [200] Validation Loss: 0.9992712
└ @ NavierStokes /home/simone/Dropbox/eScience_projects/DEEPDIEP-repos/CoupledNODE.jl/ext/NavierStokes/callback.jl:86
┌ Info: [200] Validation Loss (no model): 1.0
└ @ NavierStokes /home/simone/Dropbox/eScience_projects/DEEPDIEP-repos/CoupledNODE.jl/ext/NavierStokes/callback.jl:88
┌ Info: [210] Validation Loss: 0.9993495
└ @ NavierStokes /home/simone/Dropbox/eScience_projects/DEEPDIEP-repos/CoupledNODE.jl/ext/NavierStokes/callback.jl:86
┌ Info: [210] Validation Loss (no model): 1.0
└ @ NavierStokes /home/simone/Dropbox/eScience_projects/DEEPDIEP-repos/CoupledNODE.jl/ext/NavierStokes/callback.jl:88
┌ Info: [220] Validation Loss: 0.99944216
└ @ NavierStokes /home/simone/Dropbox/eScience_projects/DEEPDIEP-repos/CoupledNODE.jl/ext/NavierStokes/callback.jl:86
┌ Info: [220] Validation Loss (no model): 1.0
└ @ NavierStokes /home/simone/Dropbox/eScience_projects/DEEPDIEP-repos/CoupledNODE.jl/ext/NavierStokes/callback.jl:88
┌ Info: [230] Validation Loss: 0.99930006
└ @ NavierStokes /home/simone/Dropbox/eScience_projects/DEEPDIEP-repos/CoupledNODE.jl/ext/NavierStokes/callback.jl:86
┌ Info: [230] Validation Loss (no model): 1.0
└ @ NavierStokes /home/simone/Dropbox/eScience_projects/DEEPDIEP-repos/CoupledNODE.jl/ext/NavierStokes/callback.jl:88
┌ Info: [240] Validation Loss: 0.99922204
└ @ NavierStokes /home/simone/Dropbox/eScience_projects/DEEPDIEP-repos/CoupledNODE.jl/ext/NavierStokes/callback.jl:86
┌ Info: [240] Validation Loss (no model): 1.0
└ @ NavierStokes /home/simone/Dropbox/eScience_projects/DEEPDIEP-repos/CoupledNODE.jl/ext/NavierStokes/callback.jl:88
┌ Info: [250] Validation Loss: 0.9992406
└ @ NavierStokes /home/simone/Dropbox/eScience_projects/DEEPDIEP-repos/CoupledNODE.jl/ext/NavierStokes/callback.jl:86
┌ Info: [250] Validation Loss (no model): 1.0
└ @ NavierStokes /home/simone/Dropbox/eScience_projects/DEEPDIEP-repos/CoupledNODE.jl/ext/NavierStokes/callback.jl:88
┌ Info: [260] Validation Loss: 0.9992899
└ @ NavierStokes /home/simone/Dropbox/eScience_projects/DEEPDIEP-repos/CoupledNODE.jl/ext/NavierStokes/callback.jl:86
┌ Info: [260] Validation Loss (no model): 1.0
└ @ NavierStokes /home/simone/Dropbox/eScience_projects/DEEPDIEP-repos/CoupledNODE.jl/ext/NavierStokes/callback.jl:88
┌ Info: [270] Validation Loss: 0.9991205
└ @ NavierStokes /home/simone/Dropbox/eScience_projects/DEEPDIEP-repos/CoupledNODE.jl/ext/NavierStokes/callback.jl:86
┌ Info: [270] Validation Loss (no model): 1.0
└ @ NavierStokes /home/simone/Dropbox/eScience_projects/DEEPDIEP-repos/CoupledNODE.jl/ext/NavierStokes/callback.jl:88
┌ Info: [280] Validation Loss: 0.9990508
└ @ NavierStokes /home/simone/Dropbox/eScience_projects/DEEPDIEP-repos/CoupledNODE.jl/ext/NavierStokes/callback.jl:86
┌ Info: [280] Validation Loss (no model): 1.0
└ @ NavierStokes /home/simone/Dropbox/eScience_projects/DEEPDIEP-repos/CoupledNODE.jl/ext/NavierStokes/callback.jl:88
┌ Info: [290] Validation Loss: 0.9991318
└ @ NavierStokes /home/simone/Dropbox/eScience_projects/DEEPDIEP-repos/CoupledNODE.jl/ext/NavierStokes/callback.jl:86
┌ Info: [290] Validation Loss (no model): 1.0
└ @ NavierStokes /home/simone/Dropbox/eScience_projects/DEEPDIEP-repos/CoupledNODE.jl/ext/NavierStokes/callback.jl:88
┌ Info: Saving checkpoint to /home/simone/Dropbox/eScience_projects/DEEPDIEP-repos/CoupledNODE_Benchmark.jl/output/kolmogorov/priortraining/cno_5/filter=FaceAverage()_nles=32_checkpoint.jld2.
└ @ CoupledNODE /home/simone/Dropbox/eScience_projects/DEEPDIEP-repos/CoupledNODE.jl/src/checkpoints.jl:60
┌ Warning: Lux layers are stateless and hence don't participate in device transfers. Apply this function on the parameters and states generated using `LuxCore.setup`.
└ @ LuxCoreMLDataDevicesExt /home/simone/.julia/packages/LuxCore/Av7WJ/ext/LuxCoreMLDataDevicesExt.jl:10
┌ Warning: Attempting to store ConvolutionalNeuralOperators.var"#apply_fitler#2"{Matrix{ComplexF32}}.
│ JLD2 only stores functions by name.
│  This may not be useful for anonymous functions.
└ @ JLD2 /home/simone/.julia/packages/JLD2/phaon/src/data/writing_datatypes.jl:447
┌ Warning: Attempting to store ConvolutionalNeuralOperators.var"#CNOdownsampler#14"{Int64, Int64, Dict{String, Any}, Float32, ConvolutionalNeuralOperators.var"#apply_fitler#2"{Matrix{ComplexF32}}}.
│ JLD2 only stores functions by name.
│  This may not be useful for anonymous functions.
└ @ JLD2 /home/simone/.julia/packages/JLD2/phaon/src/data/writing_datatypes.jl:447
┌ Warning: Attempting to store ConvolutionalNeuralOperators.var"#CNOupsampler#25"{Int64, Int64, Dict{String, Any}, ConvolutionalNeuralOperators.var"#apply_fitler#2"{Matrix{ComplexF32}}}.
│ JLD2 only stores functions by name.
│  This may not be useful for anonymous functions.
└ @ JLD2 /home/simone/.julia/packages/JLD2/phaon/src/data/writing_datatypes.jl:447
┌ Warning: Attempting to store ConvolutionalNeuralOperators.var"#CNOactivation#27"{activation_function, ConvolutionalNeuralOperators.var"#CNOdownsampler#14"{Int64, Int64, Dict{String, Any}, Float32, ConvolutionalNeuralOperators.var"#apply_fitler#2"{Matrix{ComplexF32}}}, ConvolutionalNeuralOperators.var"#CNOupsampler#25"{Int64, Int64, Dict{String, Any}, ConvolutionalNeuralOperators.var"#apply_fitler#2"{Matrix{ComplexF32}}}}.
│ JLD2 only stores functions by name.
│  This may not be useful for anonymous functions.
└ @ JLD2 /home/simone/.julia/packages/JLD2/phaon/src/data/writing_datatypes.jl:447
┌ Warning: Attempting to store ConvolutionalNeuralOperators.var"#CNOdownsampler#14"{Int64, Int64, Dict{String, Any}, Float32, ConvolutionalNeuralOperators.var"#apply_fitler#2"{Matrix{ComplexF32}}}.
│ JLD2 only stores functions by name.
│  This may not be useful for anonymous functions.
└ @ JLD2 /home/simone/.julia/packages/JLD2/phaon/src/data/writing_datatypes.jl:447
┌ Warning: Attempting to store ConvolutionalNeuralOperators.var"#CNOupsampler#25"{Int64, Int64, Dict{String, Any}, ConvolutionalNeuralOperators.var"#apply_fitler#2"{Matrix{ComplexF32}}}.
│ JLD2 only stores functions by name.
│  This may not be useful for anonymous functions.
└ @ JLD2 /home/simone/.julia/packages/JLD2/phaon/src/data/writing_datatypes.jl:447
┌ Warning: Attempting to store ConvolutionalNeuralOperators.var"#CNOactivation#27"{typeof(identity), ConvolutionalNeuralOperators.var"#CNOdownsampler#14"{Int64, Int64, Dict{String, Any}, Float32, ConvolutionalNeuralOperators.var"#apply_fitler#2"{Matrix{ComplexF32}}}, ConvolutionalNeuralOperators.var"#CNOupsampler#25"{Int64, Int64, Dict{String, Any}, ConvolutionalNeuralOperators.var"#apply_fitler#2"{Matrix{ComplexF32}}}}.
│ JLD2 only stores functions by name.
│  This may not be useful for anonymous functions.
└ @ JLD2 /home/simone/.julia/packages/JLD2/phaon/src/data/writing_datatypes.jl:447
┌ Warning: Attempting to store ConvolutionalNeuralOperators.var"#CNOactivation#27"{typeof(relu), ConvolutionalNeuralOperators.var"#CNOdownsampler#14"{Int64, Int64, Dict{String, Any}, Float32, ConvolutionalNeuralOperators.var"#apply_fitler#2"{Matrix{ComplexF32}}}, ConvolutionalNeuralOperators.var"#CNOupsampler#25"{Int64, Int64, Dict{String, Any}, ConvolutionalNeuralOperators.var"#apply_fitler#2"{Matrix{ComplexF32}}}}.
│ JLD2 only stores functions by name.
│  This may not be useful for anonymous functions.
└ @ JLD2 /home/simone/.julia/packages/JLD2/phaon/src/data/writing_datatypes.jl:447
┌ Info: Finished a-priori training.
└ @ Benchmark /home/simone/Dropbox/eScience_projects/DEEPDIEP-repos/CoupledNODE_Benchmark.jl/src/train.jl:188
┌ Info: Skipping a-priori training for iteration 1 != 2
└ @ Benchmark /home/simone/Dropbox/eScience_projects/DEEPDIEP-repos/CoupledNODE_Benchmark.jl/src/train.jl:77
┌ Info: Finished a-priori training.
└ @ Benchmark /home/simone/Dropbox/eScience_projects/DEEPDIEP-repos/CoupledNODE_Benchmark.jl/src/train.jl:188
┌ Info: Skipping a-priori training for iteration 1 != 3
└ @ Benchmark /home/simone/Dropbox/eScience_projects/DEEPDIEP-repos/CoupledNODE_Benchmark.jl/src/train.jl:77
┌ Info: Finished a-priori training.
└ @ Benchmark /home/simone/Dropbox/eScience_projects/DEEPDIEP-repos/CoupledNODE_Benchmark.jl/src/train.jl:188
┌ Info: Skipping a-priori training for iteration 1 != 4
└ @ Benchmark /home/simone/Dropbox/eScience_projects/DEEPDIEP-repos/CoupledNODE_Benchmark.jl/src/train.jl:77
┌ Info: Finished a-priori training.
└ @ Benchmark /home/simone/Dropbox/eScience_projects/DEEPDIEP-repos/CoupledNODE_Benchmark.jl/src/train.jl:188
┌ Info: Skipping a-priori training for iteration 1 != 5
└ @ Benchmark /home/simone/Dropbox/eScience_projects/DEEPDIEP-repos/CoupledNODE_Benchmark.jl/src/train.jl:77
┌ Info: Finished a-priori training.
└ @ Benchmark /home/simone/Dropbox/eScience_projects/DEEPDIEP-repos/CoupledNODE_Benchmark.jl/src/train.jl:188
┌ Info: Skipping a-priori training for iteration 1 != 6
└ @ Benchmark /home/simone/Dropbox/eScience_projects/DEEPDIEP-repos/CoupledNODE_Benchmark.jl/src/train.jl:77
┌ Info: Finished a-priori training.
└ @ Benchmark /home/simone/Dropbox/eScience_projects/DEEPDIEP-repos/CoupledNODE_Benchmark.jl/src/train.jl:188
┌ Info: Skipping a-priori training for iteration 1 != 7
└ @ Benchmark /home/simone/Dropbox/eScience_projects/DEEPDIEP-repos/CoupledNODE_Benchmark.jl/src/train.jl:77
┌ Info: Finished a-priori training.
└ @ Benchmark /home/simone/Dropbox/eScience_projects/DEEPDIEP-repos/CoupledNODE_Benchmark.jl/src/train.jl:188
┌ Info: Skipping a-priori training for iteration 1 != 8
└ @ Benchmark /home/simone/Dropbox/eScience_projects/DEEPDIEP-repos/CoupledNODE_Benchmark.jl/src/train.jl:77
┌ Info: Finished a-priori training.
└ @ Benchmark /home/simone/Dropbox/eScience_projects/DEEPDIEP-repos/CoupledNODE_Benchmark.jl/src/train.jl:188
┌ Info: 
│   θ_cnn_prior .|> extrema = Tuple{Float32, Float32}[(-0.44479358, 0.5215398);;]
└ @ Main /home/simone/Dropbox/eScience_projects/DEEPDIEP-repos/CoupledNODE_Benchmark.jl/extra_benchmark.jl:284
┌ Info: Training a-posteriori
│   projectorder = Last
│   Φ = FaceAverage()
│   nles = 32
└ @ Benchmark /home/simone/Dropbox/eScience_projects/DEEPDIEP-repos/CoupledNODE_Benchmark.jl/src/train.jl:237
┌ Warning: A-posteriori loss function is using CUDADevice{Nothing}(nothing) device.
└ @ CoupledNODE /home/simone/Dropbox/eScience_projects/DEEPDIEP-repos/CoupledNODE.jl/src/loss/loss_posteriori.jl:176
┌ Info: Creating a posteriori callback
└ @ NavierStokes /home/simone/Dropbox/eScience_projects/DEEPDIEP-repos/CoupledNODE.jl/ext/NavierStokes/callback.jl:63
┌ Info: Training on
│   dev = CUDADevice{Nothing}(nothing)
└ @ CoupledNODE /home/simone/Dropbox/eScience_projects/DEEPDIEP-repos/CoupledNODE.jl/src/train.jl:19
┌ Info: Lux Training started
└ @ CoupledNODE /home/simone/Dropbox/eScience_projects/DEEPDIEP-repos/CoupledNODE.jl/src/train.jl:28
┌ Info: [0] Validation Loss: 0.053684257
└ @ NavierStokes /home/simone/Dropbox/eScience_projects/DEEPDIEP-repos/CoupledNODE.jl/ext/NavierStokes/callback.jl:86
┌ Info: [0] Validation Loss (no model): 0.05391011
└ @ NavierStokes /home/simone/Dropbox/eScience_projects/DEEPDIEP-repos/CoupledNODE.jl/ext/NavierStokes/callback.jl:88
┌ Info: [10] Validation Loss: 0.07810584
└ @ NavierStokes /home/simone/Dropbox/eScience_projects/DEEPDIEP-repos/CoupledNODE.jl/ext/NavierStokes/callback.jl:86
┌ Info: [10] Validation Loss (no model): 0.07845928
└ @ NavierStokes /home/simone/Dropbox/eScience_projects/DEEPDIEP-repos/CoupledNODE.jl/ext/NavierStokes/callback.jl:88
